<?xml version="1.0" encoding="UTF-8"?>
<!-- Generated by org.testng.reporters.JUnitReportReporter -->
<testsuite hostname="MSI" failures="0" tests="20" name="com.amazon.automationExercice.AutomationExercise" time="650.509" errors="0" timestamp="07 mars 2021 09:54:56 GMT" skipped="0">
  <testcase classname="com.amazon.automationExercice.AutomationExercise" name="scenarioUsingParameters" time="33.754"/>
  <testcase classname="com.amazon.automationExercice.AutomationExercise" name="scenarioUsingParameters" time="33.769"/>
  <testcase classname="com.amazon.automationExercice.AutomationExercise" name="scenarioUsingParameters" time="31.661"/>
  <testcase classname="com.amazon.automationExercice.AutomationExercise" name="scenarioUsingParameters" time="28.434"/>
  <testcase classname="com.amazon.automationExercice.AutomationExercise" name="scenarioUsingParameters" time="35.524"/>
  <testcase classname="com.amazon.automationExercice.AutomationExercise" name="scenarioUsingParameters" time="31.520"/>
  <testcase classname="com.amazon.automationExercice.AutomationExercise" name="scenarioUsingParameters" time="30.361"/>
  <testcase classname="com.amazon.automationExercice.AutomationExercise" name="scenarioUsingParameters" time="34.455"/>
  <testcase classname="com.amazon.automationExercice.AutomationExercise" name="scenarioUsingParameters" time="31.444"/>
  <testcase classname="com.amazon.automationExercice.AutomationExercise" name="scenarioUsingParameters" time="33.483"/>
  <testcase classname="com.amazon.automationExercice.AutomationExercise" name="scenarioUsingParameters" time="31.691"/>
  <testcase classname="com.amazon.automationExercice.AutomationExercise" name="scenarioUsingParameters" time="34.697"/>
  <testcase classname="com.amazon.automationExercice.AutomationExercise" name="scenarioUsingParameters" time="30.798"/>
  <testcase classname="com.amazon.automationExercice.AutomationExercise" name="scenarioUsingParameters" time="32.229"/>
  <testcase classname="com.amazon.automationExercice.AutomationExercise" name="scenarioUsingParameters" time="29.752"/>
  <testcase classname="com.amazon.automationExercice.AutomationExercise" name="scenarioUsingParameters" time="33.028"/>
  <testcase classname="com.amazon.automationExercice.AutomationExercise" name="scenarioUsingParameters" time="35.741"/>
  <testcase classname="com.amazon.automationExercice.AutomationExercise" name="scenarioUsingParameters" time="37.340"/>
  <testcase classname="com.amazon.automationExercice.AutomationExercise" name="scenarioUsingParameters" time="31.513"/>
  <testcase classname="com.amazon.automationExercice.AutomationExercise" name="scenarioUsingParameters" time="29.315"/>
</testsuite> <!-- com.amazon.automationExercice.AutomationExercise -->
