<?xml version="1.0" encoding="UTF-8"?>
<!-- Generated by org.testng.reporters.JUnitReportReporter -->
<testsuite hostname="MSI" failures="0" tests="1" name="com.amazon.automationExercice.AutomationExercise" time="29.064" errors="0" timestamp="05 mars 2021 16:35:15 GMT" skipped="0">
  <testcase classname="com.amazon.automationExercice.AutomationExercise" name="scenarioUsingParameters" time="29.064"/>
</testsuite> <!-- com.amazon.automationExercice.AutomationExercise -->
