<?xml version="1.0" encoding="UTF-8"?>
<!-- Generated by org.testng.reporters.JUnitReportReporter -->
<testsuite hostname="MSI" failures="0" tests="2" name="com.amazon.automationExercice.AutomationExerciceWithCSV" time="61.990" errors="0" timestamp="07 mars 2021 09:48:47 GMT" skipped="0">
  <testcase classname="com.amazon.automationExercice.AutomationExerciceWithCSV" name="scenarioUsingCsv" time="32.497"/>
  <testcase classname="com.amazon.automationExercice.AutomationExerciceWithCSV" name="scenarioUsingCsv" time="29.493"/>
</testsuite> <!-- com.amazon.automationExercice.AutomationExerciceWithCSV -->
