<?xml version="1.0" encoding="UTF-8"?>
<!-- Generated by org.testng.reporters.JUnitReportReporter -->
<testsuite hostname="MSI" failures="0" tests="2" name="com.amazon.automationExercice.AutomationExerciceWithCSV" time="59.932" errors="0" timestamp="05 mars 2021 16:25:24 GMT" skipped="0">
  <testcase classname="com.amazon.automationExercice.AutomationExerciceWithCSV" name="scenarioUsingCsv" time="28.549"/>
  <testcase classname="com.amazon.automationExercice.AutomationExerciceWithCSV" name="scenarioUsingCsv" time="31.383"/>
</testsuite> <!-- com.amazon.automationExercice.AutomationExerciceWithCSV -->
