<?xml version="1.0" encoding="UTF-8"?>
<!-- Generated by org.testng.reporters.JUnitReportReporter -->
<testsuite hostname="MSI" failures="0" tests="1" name="com.amazon.automationExercice.AutomationExercise" time="28.930" errors="0" timestamp="2021-05-06T18:10:47 CEST" skipped="0">
  <testcase classname="com.amazon.automationExercice.AutomationExercise" name="scenarioUsingParameters" time="28.930"/>
  <system-out>
    <![CDATA[Starting scenario!
Opening page: https://www.amazon.com/
Page opened!
Searching for item: 'hats for men'.
Hat has only one size!
Hat's price is: 11.0€
Add item(s) to cart!
There is a total of : 2 items in the cart.
Total price in cart is : 22.00€
Searching for item: 'hats for women'.
Hat has only one size!
Hat's price is: 18.99€
Add item(s) to cart!
There is a total of : 3 items in the cart.
Total price in cart is : 40.99€
Change item's quantity from 2 to 1.
There is a total of : 2 items in the cart.
Total price in cart is : 29.99€]]>
  </system-out>
</testsuite> <!-- com.amazon.automationExercice.AutomationExercise -->
